MATLAB is selecting SOFTWARE OPENGL rendering.

                            < M A T L A B (R) >
                  Copyright 1984-2021 The MathWorks, Inc.
                  R2021a (9.10.0.1602886) 64-bit (glnxa64)
                             February 17, 2021

 
To get started, type doc.
For product information, visit www.mathworks.com.
 
Hello, World!
Starting parallel pool (parpool) using the 'local' profile ...
Connected to the parallel pool (number of workers: 12).
     1

     3

     7

    10

    13

     2

    14

     4

     5

     6

     8

     9

    11

    12

